<?xml version="1.0" encoding="UTF-8"?>
<!-- Generated by org.testng.reporters.JUnitReportReporter -->
<testsuite hostname="LAPTOP-UPHPO3EJ" failures="0" tests="3" name="producttest.Example2Test" time="23.568" errors="0" timestamp="2025-07-31T12:33:51 IST" skipped="0">
  <testcase classname="producttest.Example2Test" name="Addproduct2" time="5.039"/>
  <testcase classname="producttest.Example2Test" name="Addproduct3" time="5.721"/>
  <testcase classname="producttest.Example2Test" name="Addproduct" time="12.808"/>
  <system-out>
    <![CDATA[browser set up done
logout
logout
logout
browser terminate done]]>
  </system-out>
</testsuite> <!-- producttest.Example2Test -->
